
> tcg-store@0.1.0 build
> next build

  â–˛ Next.js 14.2.29
  - Environments: .env.local, .env

   Creating an optimized production build ...
 âš  Compiled with warnings

./node_modules/jose/dist/webapi/lib/deflate.js
A Node.js API is used (CompressionStream at line: 10) which is not supported in the Edge Runtime.
Learn more: https://nextjs.org/docs/api-reference/edge-runtime

Import trace for requested module:
./node_modules/jose/dist/webapi/lib/deflate.js
./node_modules/jose/dist/webapi/jwe/flattened/encrypt.js
./node_modules/jose/dist/webapi/index.js

./node_modules/jose/dist/webapi/lib/deflate.js
A Node.js API is used (DecompressionStream at line: 26) which is not supported in the Edge Runtime.
Learn more: https://nextjs.org/docs/api-reference/edge-runtime

Import trace for requested module:
./node_modules/jose/dist/webapi/lib/deflate.js
./node_modules/jose/dist/webapi/jwe/flattened/encrypt.js
./node_modules/jose/dist/webapi/index.js

 âś“ Compiled successfully
   Linting and checking validity of types ...

./app/admin/settings/page.tsx
55:6  Warning: React Hook useEffect has a missing dependency: 'fetchSettings'. Either include it or remove the dependency array.  react-hooks/exhaustive-deps

./app/admin/settings/payments/client.tsx
68:30  Warning: `"` can be escaped with `&quot;`, `&ldquo;`, `&#34;`, `&rdquo;`.  react/no-unescaped-entities
68:52  Warning: `"` can be escaped with `&quot;`, `&ldquo;`, `&#34;`, `&rdquo;`.  react/no-unescaped-entities

./app/auth/login/page.tsx
163:20  Warning: `'` can be escaped with `&apos;`, `&lsquo;`, `&#39;`, `&rsquo;`.  react/no-unescaped-entities

./app/cart/cart-page-client.tsx
258:6  Warning: React Hook React.useEffect has a missing dependency: 'state.items'. Either include it or remove the dependency array.  react-hooks/exhaustive-deps

./app/preorder-policy/page.tsx
61:140  Warning: `'` can be escaped with `&apos;`, `&lsquo;`, `&#39;`, `&rsquo;`.  react/no-unescaped-entities

info  - Need to disable some ESLint rules? Learn more here: https://nextjs.org/docs/basic-features/eslint#disabling-rules
Failed to compile.

./app/account/addresses/edit/[addressId]/page.tsx:99:21
Type error: 'params' is possibly 'null'.

[0m [90m  97 |[39m   })[0m
[0m [90m  98 |[39m[0m
[0m[31m[1m>[22m[39m[90m  99 |[39m   [36mconst[39m addressId [33m=[39m params[33m.[39maddressId [36mas[39m string[0m
[0m [90m     |[39m                     [31m[1m^[22m[39m[0m
[0m [90m 100 |[39m[0m
[0m [90m 101 |[39m   useEffect(() [33m=>[39m {[0m
[0m [90m 102 |[39m     [36masync[39m [36mfunction[39m fetchAddress() {[0m
Next.js build worker exited with code: 1 and signal: null
