
> tcg-store@0.1.0 build
> next build

  ▲ Next.js 14.2.29
  - Environments: .env.local, .env

   Creating an optimized production build ...
 ✓ Compiled successfully
   Linting and checking validity of types ...

./app/admin/settings/page.tsx
55:6  Warning: React Hook useEffect has a missing dependency: 'fetchSettings'. Either include it or remove the dependency array.  react-hooks/exhaustive-deps

./app/admin/settings/payments/client.tsx
68:30  Warning: `"` can be escaped with `&quot;`, `&ldquo;`, `&#34;`, `&rdquo;`.  react/no-unescaped-entities
68:52  Warning: `"` can be escaped with `&quot;`, `&ldquo;`, `&#34;`, `&rdquo;`.  react/no-unescaped-entities

./app/auth/login/page.tsx
163:20  Warning: `'` can be escaped with `&apos;`, `&lsquo;`, `&#39;`, `&rsquo;`.  react/no-unescaped-entities

./app/cart/cart-page-client.tsx
258:6  Warning: React Hook React.useEffect has a missing dependency: 'state.items'. Either include it or remove the dependency array.  react-hooks/exhaustive-deps

./app/preorder-policy/page.tsx
61:140  Warning: `'` can be escaped with `&apos;`, `&lsquo;`, `&#39;`, `&rsquo;`.  react/no-unescaped-entities

info  - Need to disable some ESLint rules? Learn more here: https://nextjs.org/docs/basic-features/eslint#disabling-rules
   Collecting page data ...
CRITICAL: NEXT_PUBLIC_SITE_URL is missing in production. App may break. Set it to https://tcglore.com
CRITICAL: NEXT_PUBLIC_SITE_URL is missing in production. App may break. Set it to https://tcglore.com
CRITICAL: NEXT_PUBLIC_SITE_URL is missing in production. App may break. Set it to https://tcglore.com
CRITICAL: NEXT_PUBLIC_SITE_URL is missing in production. App may break. Set it to https://tcglore.com
CRITICAL: NEXT_PUBLIC_SITE_URL is missing in production. App may break. Set it to https://tcglore.com
CRITICAL: NEXT_PUBLIC_SITE_URL is missing in production. App may break. Set it to https://tcglore.com
CRITICAL: NEXT_PUBLIC_SITE_URL is missing in production. App may break. Set it to https://tcglore.com
CRITICAL: NEXT_PUBLIC_SITE_URL is missing in production. App may break. Set it to https://tcglore.com
CRITICAL: NEXT_PUBLIC_SITE_URL is missing in production. App may break. Set it to https://tcglore.com
CRITICAL: NEXT_PUBLIC_SITE_URL is missing in production. App may break. Set it to https://tcglore.com
CRITICAL: NEXT_PUBLIC_SITE_URL is missing in production. App may break. Set it to https://tcglore.com
CRITICAL: NEXT_PUBLIC_SITE_URL is missing in production. App may break. Set it to https://tcglore.com
CRITICAL: NEXT_PUBLIC_SITE_URL is missing in production. App may break. Set it to https://tcglore.com
CRITICAL: NEXT_PUBLIC_SITE_URL is missing in production. App may break. Set it to https://tcglore.com
CRITICAL: NEXT_PUBLIC_SITE_URL is missing in production. App may break. Set it to https://tcglore.com
CRITICAL: NEXT_PUBLIC_SITE_URL is missing in production. App may break. Set it to https://tcglore.com
CRITICAL: NEXT_PUBLIC_SITE_URL is missing in production. App may break. Set it to https://tcglore.com
CRITICAL: NEXT_PUBLIC_SITE_URL is missing in production. App may break. Set it to https://tcglore.com
CRITICAL: NEXT_PUBLIC_SITE_URL is missing in production. App may break. Set it to https://tcglore.com
   Generating static pages (0/66) ...
   Generating static pages (16/66) 
   Generating static pages (32/66) 
[products] product_lookup_success slug="digital-world-shambala-booster-box" id=25649 (464ms)
[products] product_lookup_success slug="digital-world-shambala-booster-box" id=25649 (487ms)
[products] product_lookup_success slug="timeless-bonds-booster-box-case" id=25614 (465ms)
[products] product_lookup_success slug="timeless-bonds-booster-box" id=25636 (469ms)
[products] product_lookup_success slug="timeless-bonds-booster-box" id=25636 (484ms)
[products] product_lookup_success slug="dual-revolution-booster-box-case" id=25690 (459ms)
[products] product_lookup_success slug="digital-world-shambala-booster-box-case" id=25692 (470ms)
[products] product_lookup_success slug="armory-deck-zyggy" id=43009 (475ms)
[products] product_lookup_success slug="dual-revolution-booster-box" id=25535 (472ms)
[products] product_lookup_success slug="digital-world-shambala-booster-box-case" id=25692 (499ms)
[products] product_lookup_success slug="mega-zygarde-ex-premium-collection-case" id=23612 (485ms)
[products] product_lookup_success slug="mega-zygarde-ex-premium-collection-case" id=23612 (515ms)
[products] product_lookup_success slug="armory-deck-zyggy" id=43009 (496ms)
[products] product_lookup_success slug="timeless-bonds-booster-box-case" id=25614 (508ms)
[products] product_lookup_success slug="dual-revolution-booster-box-case" id=25690 (506ms)
[products] product_lookup_success slug="chaos-rising-booster-bundle-case" id=23625 (490ms)
[products] product_lookup_success slug="chaos-rising-booster-bundle-case" id=23625 (493ms)
[products] product_lookup_success slug="dual-revolution-booster-box" id=25535 (512ms)
[products] product_lookup_success slug="mega-moonlit-tin-case" id=23522 (475ms)
[products] product_lookup_success slug="mega-moonlit-tin-case" id=23522 (491ms)
[products] product_lookup_success slug="disney-lorcana-wilds-unknown-booster-box" id=9489 (461ms)
[products] product_lookup_success slug="league-battle-deck-case-mega-lucario-ex" id=9423 (465ms)
[products] product_lookup_success slug="marvel-super-heroes-jumpstart-booster-display-case" id=21354 (472ms)
[products] product_lookup_success slug="the-time-of-battle-booster-box" id=18794 (479ms)
[products] product_lookup_success slug="the-time-of-battle-booster-box" id=18794 (501ms)
[products] product_lookup_success slug="the-time-of-battle-booster-box-case" id=18983 (483ms)
[products] product_lookup_success slug="the-time-of-battle-booster-box-case" id=18983 (492ms)
[products] product_lookup_success slug="lumiose-city-mini-tin-display-case" id=23578 (500ms)
[products] product_lookup_success slug="lumiose-city-mini-tin-display-case" id=23578 (515ms)
[products] product_lookup_success slug="disney-lorcana-wilds-unknown-booster-box" id=9489 (513ms)
[products] product_lookup_success slug="disney-lorcana-wilds-unknown-booster-box-case" id=10098 (499ms)
[products] product_lookup_success slug="disney-lorcana-wilds-unknown-booster-box-case" id=10098 (516ms)
[products] product_lookup_success slug="marvel-super-heroes-jumpstart-booster-display-case" id=21354 (517ms)
[products] product_lookup_success slug="league-battle-deck-case-mega-lucario-ex" id=9423 (530ms)
[products] product_lookup_success slug="mega-moonlit-tin-mega-clefable-ex" id=9409 (462ms)
[products] product_lookup_success slug="mega-moonlit-tin-mega-clefable-ex" id=9409 (482ms)
   Generating static pages (49/66) 
[products] product_lookup_success slug="lumiose-city-mini-tin-set-of-5" id=9418 (466ms)
[products] product_lookup_success slug="lumiose-city-mini-tin-set-of-5" id=9418 (468ms)
[products] product_lookup_success slug="mega-moonlit-tin-mega-gengar-ex" id=9399 (476ms)
[products] product_lookup_success slug="mega-moonlit-tin-mega-gengar-ex" id=9399 (492ms)
 ✓ Generating static pages (66/66)
   Finalizing page optimization ...
   Collecting build traces ...

Route (app)                                              Size     First Load JS
┌ ƒ /                                                    7.01 kB         182 kB
├ ○ /_not-found                                          148 B          87.7 kB
├ ○ /about                                               269 B           164 kB
├ ○ /account                                             12.3 kB         178 kB
├ ƒ /account/addresses/edit/[addressId]                  6.73 kB         180 kB
├ ○ /account/addresses/new                               6.5 kB          180 kB
├ ○ /admin                                               2.91 kB         210 kB
├ ○ /admin/analytics                                     222 kB          459 kB
├ ○ /admin/customers                                     3.95 kB        99.4 kB
├ ○ /admin/feeds                                         7.54 kB         132 kB
├ ○ /admin/orders                                        5.4 kB          133 kB
├ ƒ /admin/products                                      8.47 kB         123 kB
├ ƒ /admin/reviews                                       5.3 kB          114 kB
├ ○ /admin/settings                                      11.3 kB         110 kB
├ ○ /admin/settings/payments                             5.62 kB         101 kB
├ ƒ /api/account/addresses                               0 B                0 B
├ ƒ /api/account/addresses/[addressId]                   0 B                0 B
├ ƒ /api/account/orders                                  0 B                0 B
├ ƒ /api/account/profile                                 0 B                0 B
├ ƒ /api/admin/analytics                                 0 B                0 B
├ ƒ /api/admin/analytics/export                          0 B                0 B
├ ƒ /api/admin/customers                                 0 B                0 B
├ ƒ /api/admin/db-stats                                  0 B                0 B
├ ƒ /api/admin/feeds                                     0 B                0 B
├ ƒ /api/admin/feeds/[id]                                0 B                0 B
├ ƒ /api/admin/low-stock                                 0 B                0 B
├ ƒ /api/admin/orders                                    0 B                0 B
├ ƒ /api/admin/orders/[id]                               0 B                0 B
├ ƒ /api/admin/products/revalidate                       0 B                0 B
├ ƒ /api/admin/reviews/[id]                              0 B                0 B
├ ƒ /api/admin/reviews/import                            0 B                0 B
├ ƒ /api/admin/settings                                  0 B                0 B
├ ƒ /api/admin/stats                                     0 B                0 B
├ ƒ /api/admin/test-email                                0 B                0 B
├ ƒ /api/admin/upload                                    0 B                0 B
├ ƒ /api/analytics                                       0 B                0 B
├ ƒ /api/auth/forgot-password                            0 B                0 B
├ ƒ /api/auth/login                                      0 B                0 B
├ ƒ /api/auth/logout                                     0 B                0 B
├ ƒ /api/auth/register                                   0 B                0 B
├ ƒ /api/auth/resend-verification                        0 B                0 B
├ ƒ /api/auth/reset-password                             0 B                0 B
├ ƒ /api/auth/reset-password/validate                    0 B                0 B
├ ƒ /api/auth/session                                    0 B                0 B
├ ƒ /api/auth/verify-email                               0 B                0 B
├ ƒ /api/cart                                            0 B                0 B
├ ƒ /api/checkout/process                                0 B                0 B
├ ƒ /api/contact                                         0 B                0 B
├ ƒ /api/cron/sync-preorders                             0 B                0 B
├ ƒ /api/feeds/[uuid]                                    0 B                0 B
├ ƒ /api/health                                          0 B                0 B
├ ƒ /api/health/db                                       0 B                0 B
├ ƒ /api/orders/complete                                 0 B                0 B
├ ƒ /api/orders/create                                   0 B                0 B
├ ƒ /api/reviews                                         0 B                0 B
├ ƒ /api/search                                          0 B                0 B
├ ƒ /api/taxes/calculate                                 0 B                0 B
├ ƒ /api/version                                         0 B                0 B
├ ƒ /api/webhooks/gateway                                0 B                0 B
├ ƒ /api/wishlist                                        0 B                0 B
├ ○ /auth/demo-reset                                     589 B          88.2 kB
├ ○ /auth/forgot-password                                3.46 kB         170 kB
├ ○ /auth/login                                          5 kB            171 kB
├ ○ /auth/register                                       5.64 kB         172 kB
├ ○ /auth/resend-verification                            2.57 kB         169 kB
├ ○ /auth/reset-password                                 3.85 kB         170 kB
├ ○ /auth/verify-email                                   2.05 kB         168 kB
├ ○ /authenticity                                        269 B           164 kB
├ ○ /best-price-guarantee                                7.61 kB         174 kB
├ ○ /cart                                                7.66 kB         179 kB
├ ○ /checkout                                            19.3 kB         188 kB
├ ○ /checkout/success                                    6.19 kB         172 kB
├ ○ /contact                                             8.72 kB         175 kB
├ ○ /cookies                                             3.66 kB         170 kB
├ ƒ /explore/[brand]/[attribute]                         606 B           103 kB
├ ○ /faq                                                 269 B           164 kB
├ ○ /payment                                             269 B           164 kB
├ ○ /payment-and-orders                                  269 B           164 kB
├ ○ /payment-orders                                      269 B           164 kB
├ ○ /preorder-info                                       9.47 kB         176 kB
├ ○ /preorder-policy                                     269 B           164 kB
├ ○ /privacy                                             269 B           164 kB
├ ƒ /products                                            8.99 kB         189 kB
├ ● /products/[slug]                                     12.1 kB         183 kB
├   ├ /products/armory-deck-zyggy
├   ├ /products/digital-world-shambala-booster-box-case
├   ├ /products/dual-revolution-booster-box-case
├   └ [+17 more paths]
├ ○ /returns                                             842 B           165 kB
├ ○ /robots.txt                                          0 B                0 B
├ ○ /shipping                                            842 B           165 kB
├ ○ /sitemap.xml                                         0 B                0 B
├ ƒ /sitemaps/[file]                                     0 B                0 B
├ ○ /sitemaps/categories.xml                             0 B                0 B
├ ○ /sitemaps/core.xml                                   0 B                0 B
├ ○ /terms                                               269 B           164 kB
└ ○ /wishlist                                            5.31 kB         179 kB
+ First Load JS shared by all                            87.6 kB
  ├ chunks/2117-26f2a560e9fd1902.js                      31.8 kB
  ├ chunks/fd9d1056-ca1dcec96cb49d81.js                  53.6 kB
  └ other shared chunks (total)                          2.19 kB


ƒ Middleware                                             31.3 kB

○  (Static)   prerendered as static content
●  (SSG)      prerendered as static HTML (uses getStaticProps)
ƒ  (Dynamic)  server-rendered on demand

